2019-12-04 21:28:03 +0000  Initial pipeline context: <IDEDistributionProcessingPipelineContext: 0x7fda14fafb00; archive(resolved)='<IDEArchive: 0x7fda139d76a0>', distributionTask(resolved)='2', distributionDestination(resolved)='1', distributionMethod(resolved)='<IDEDistributionMethodDevelopmentSignedMac: 0x7fda13c7e100>', team(resolved)='<IDEProvisioningDisambiguatableBasicTeam: 0x7fda132d4050; teamID='58X7XVG57X', teamName='Benjamin Zobrist', teamType='Individual', username='ben@zobie.com', isFreeProvisioningTeam='0'>'>
	Chain (11, self inclusive):
	<IDEDistributionProcessingPipelineContext: 0x7fda14fafb00; archive = '<IDEArchive: 0x7fda139d76a0>', distributionMethod='<IDEDistributionMethodDevelopmentSignedMac: 0x7fda13c7e100>', team='<IDEProvisioningDisambiguatableBasicTeam: 0x7fda132d4050; teamID='58X7XVG57X', teamName='Benjamin Zobrist', teamType='Individual', username='ben@zobie.com', isFreeProvisioningTeam='0'>'>
	<IDEDistributionProcessingPipelineContext: 0x7fda169f0450; archive = '<IDEArchive: 0x7fda139d76a0>', distributionMethod='<IDEDistributionMethodDevelopmentSignedMac: 0x7fda13c7e100>', team='<IDEProvisioningDisambiguatableBasicTeam: 0x7fda132d4050; teamID='58X7XVG57X', teamName='Benjamin Zobrist', teamType='Individual', username='ben@zobie.com', isFreeProvisioningTeam='0'>'>
	<IDEDistributionContext: 0x7fda1166b7d0; archive = '<IDEArchive: 0x7fda139d76a0>', distributionMethod='<IDEDistributionMethodDevelopmentSignedMac: 0x7fda13c7e100>', team='<IDEProvisioningDisambiguatableBasicTeam: 0x7fda132d4050; teamID='58X7XVG57X', teamName='Benjamin Zobrist', teamType='Individual', username='ben@zobie.com', isFreeProvisioningTeam='0'>'>
	<IDEDistributionContext: 0x7fda1699e180; archive = '<IDEArchive: 0x7fda139d76a0>', distributionMethod='<IDEDistributionMethodDevelopmentSignedMac: 0x7fda13c7e100>', team='<IDEProvisioningDisambiguatableBasicTeam: 0x7fda132d4050; teamID='58X7XVG57X', teamName='Benjamin Zobrist', teamType='Individual', username='ben@zobie.com', isFreeProvisioningTeam='0'>'>
	<IDEDistributionContext: 0x7fda16f9c900; archive = '<IDEArchive: 0x7fda139d76a0>', distributionMethod='<IDEDistributionMethodDevelopmentSignedMac: 0x7fda13c7e100>', team='<IDEProvisioningDisambiguatableBasicTeam: 0x7fda132d4050; teamID='58X7XVG57X', teamName='Benjamin Zobrist', teamType='Individual', username='ben@zobie.com', isFreeProvisioningTeam='0'>'>
	<IDEDistributionContext: 0x7fda16f496f0; archive = '<IDEArchive: 0x7fda139d76a0>', distributionMethod='<IDEDistributionMethodDevelopmentSignedMac: 0x7fda13c7e100>', team='<IDEProvisioningDisambiguatableBasicTeam: 0x7fda132d4050; teamID='58X7XVG57X', teamName='Benjamin Zobrist', teamType='Individual', username='ben@zobie.com', isFreeProvisioningTeam='0'>'>
	<IDEDistributionContext: 0x7fda116db7b0; archive = '<IDEArchive: 0x7fda139d76a0>', distributionMethod='<IDEDistributionMethodDevelopmentSignedMac: 0x7fda13c7e100>', team='<IDEProvisioningDisambiguatableBasicTeam: 0x7fda132d4050; teamID='58X7XVG57X', teamName='Benjamin Zobrist', teamType='Individual', username='ben@zobie.com', isFreeProvisioningTeam='0'>'>
	<IDEDistributionContext: 0x7fda169e3560; archive = '<IDEArchive: 0x7fda139d76a0>', distributionMethod='<IDEDistributionMethodDevelopmentSignedMac: 0x7fda13c7e100>', team='(null)'>
	<IDEDistributionContext: 0x7fda11363700; archive = '<IDEArchive: 0x7fda139d76a0>', distributionMethod='<IDEDistributionMethodDevelopmentSignedMac: 0x7fda13c7e100>', team='(null)'>
	<IDEDistributionContext: 0x7fda168a4970; archive = '<IDEArchive: 0x7fda139d76a0>', distributionMethod='<IDEDistributionMethodDevelopmentSignedMac: 0x7fda13c7e100>', team='(null)'>
	<IDEDistributionContext: 0x7fda15099ac0; archive = '<IDEArchive: 0x7fda139d76a0>', distributionMethod='(null)', team='(null)'>
</IDEDistributionProcessingPipelineContext: 0x7fda14fafb00>
2019-12-04 21:28:03 +0000  Processing step: IDEDistributionCreateDestRootStep
2019-12-04 21:28:03 +0000  Processing step: IDEDistributionCopyItemStep
2019-12-04 21:28:03 +0000  Running /usr/bin/ditto '-V' '/Users/benzobrist/Library/Developer/Xcode/Archives/2019-12-04/fantastic-chainsaw 12-4-19, 2.12 PM.xcarchive/Products/Applications/fantastic-chainsaw.app' '/var/folders/8x/h8554ypn471fpjrfqg4w54th0000gn/T/XcodeDistPipeline.~~~uY0vxw/Root/Applications/fantastic-chainsaw.app'
2019-12-04 21:28:03 +0000  >>> Copying /Users/benzobrist/Library/Developer/Xcode/Archives/2019-12-04/fantastic-chainsaw 12-4-19, 2.12 PM.xcarchive/Products/Applications/fantastic-chainsaw.app 
2019-12-04 21:28:03 +0000  copying file ./Contents/_CodeSignature/CodeResources ... 
2019-12-04 21:28:03 +0000  6453 bytes for ./Contents/_CodeSignature/CodeResources
2019-12-04 21:28:03 +0000  copying file ./Contents/MacOS/fantastic-chainsaw ... 
2019-12-04 21:28:03 +0000  59456 bytes for ./Contents/MacOS/fantastic-chainsaw
2019-12-04 21:28:03 +0000  copying file ./Contents/Resources/Base.lproj/Main.storyboardc/MainMenu.nib ... 
2019-12-04 21:28:03 +0000  36331 bytes for ./Contents/Resources/Base.lproj/Main.storyboardc/MainMenu.nib
2019-12-04 21:28:03 +0000  copying file ./Contents/Resources/Base.lproj/Main.storyboardc/XfG-lQ-9wD-view-m2S-Jp-Qdl.nib ... 
2019-12-04 21:28:03 +0000  3304 bytes for ./Contents/Resources/Base.lproj/Main.storyboardc/XfG-lQ-9wD-view-m2S-Jp-Qdl.nib
copying file ./Contents/Resources/Base.lproj/Main.storyboardc/NSWindowController-B8D-0N-5wS.nib ... 
2019-12-04 21:28:03 +0000  3754 bytes for ./Contents/Resources/Base.lproj/Main.storyboardc/NSWindowController-B8D-0N-5wS.nib
2019-12-04 21:28:03 +0000  copying file ./Contents/Resources/Base.lproj/Main.storyboardc/Info.plist ... 
2019-12-04 21:28:03 +0000  445 bytes for ./Contents/Resources/Base.lproj/Main.storyboardc/Info.plist
2019-12-04 21:28:03 +0000  copying file ./Contents/Resources/Assets.car ... 
2019-12-04 21:28:03 +0000  14392 bytes for ./Contents/Resources/Assets.car
copying file ./Contents/Resources/GameScene.sks ... 
2019-12-04 21:28:03 +0000  9149 bytes for ./Contents/Resources/GameScene.sks
copying file ./Contents/Resources/Actions.sks ... 
2019-12-04 21:28:03 +0000  1892 bytes for ./Contents/Resources/Actions.sks
2019-12-04 21:28:03 +0000  copying file ./Contents/Frameworks/libswiftObjectiveC.dylib ... 
2019-12-04 21:28:03 +0000  62064 bytes for ./Contents/Frameworks/libswiftObjectiveC.dylib
copying file ./Contents/Frameworks/libswiftCore.dylib ... 
2019-12-04 21:28:03 +0000  6456112 bytes for ./Contents/Frameworks/libswiftCore.dylib
copying file ./Contents/Frameworks/libswiftCoreGraphics.dylib ... 
2019-12-04 21:28:03 +0000  190352 bytes for ./Contents/Frameworks/libswiftCoreGraphics.dylib
copying file ./Contents/Frameworks/libswiftDispatch.dylib ... 
2019-12-04 21:28:03 +0000  328080 bytes for ./Contents/Frameworks/libswiftDispatch.dylib
copying file ./Contents/Frameworks/libswiftCoreFoundation.dylib ... 
2019-12-04 21:28:03 +0000  41920 bytes for ./Contents/Frameworks/libswiftCoreFoundation.dylib
copying file ./Contents/Frameworks/libswiftDarwin.dylib ... 
2019-12-04 21:28:03 +0000  98896 bytes for ./Contents/Frameworks/libswiftDarwin.dylib
copying file ./Contents/Frameworks/libswiftIOKit.dylib ... 
2019-12-04 21:28:03 +0000  45456 bytes for ./Contents/Frameworks/libswiftIOKit.dylib
2019-12-04 21:28:03 +0000  copying file ./Contents/Frameworks/libswiftFoundation.dylib ... 
2019-12-04 21:28:03 +0000  3163200 bytes for ./Contents/Frameworks/libswiftFoundation.dylib
2019-12-04 21:28:03 +0000  copying file ./Contents/Info.plist ... 
2019-12-04 21:28:03 +0000  1570 bytes for ./Contents/Info.plist
copying file ./Contents/PkgInfo ... 
2019-12-04 21:28:03 +0000  8 bytes for ./Contents/PkgInfo
2019-12-04 21:28:03 +0000  /usr/bin/ditto exited with 0
2019-12-04 21:28:03 +0000  Processing step: IDEDistributionEmbedProfileStep
2019-12-04 21:28:03 +0000  Skipping profile for item: <IDEDistributionItem: 0x7fda124d35b0; bundleID='com.apple.dt.runtime.swiftCore', path='<DVTFilePath:0x7fda100f27f0:'/Users/benzobrist/Library/Developer/Xcode/Archives/2019-12-04/fantastic-chainsaw 12-4-19, 2.12 PM.xcarchive/Products/Applications/fantastic-chainsaw.app/Contents/Frameworks/libswiftCore.dylib'>', codeSigningInfo='<_DVTCodeSigningInformation_Path: 0x7fda13b0c200; isSigned='1', isAdHocSigned='1', signingCertificate='(null)', entitlements='(null)', teamID='(null)', identifier='com.apple.dt.runtime.swiftCore', executablePath='<DVTFilePath:0x7fda100f27f0:'/Users/benzobrist/Library/Developer/Xcode/Archives/2019-12-04/fantastic-chainsaw 12-4-19, 2.12 PM.xcarchive/Products/Applications/fantastic-chainsaw.app/Contents/Frameworks/libswiftCore.dylib'>', hardenedRuntime='0'>'>
2019-12-04 21:28:03 +0000  Skipping profile for item: <IDEDistributionItem: 0x7fda1241dec0; bundleID='com.apple.dt.runtime.swiftCoreFoundation', path='<DVTFilePath:0x7fda17d70310:'/Users/benzobrist/Library/Developer/Xcode/Archives/2019-12-04/fantastic-chainsaw 12-4-19, 2.12 PM.xcarchive/Products/Applications/fantastic-chainsaw.app/Contents/Frameworks/libswiftCoreFoundation.dylib'>', codeSigningInfo='<_DVTCodeSigningInformation_Path: 0x7fda13be8990; isSigned='1', isAdHocSigned='1', signingCertificate='(null)', entitlements='(null)', teamID='(null)', identifier='com.apple.dt.runtime.swiftCoreFoundation', executablePath='<DVTFilePath:0x7fda17d70310:'/Users/benzobrist/Library/Developer/Xcode/Archives/2019-12-04/fantastic-chainsaw 12-4-19, 2.12 PM.xcarchive/Products/Applications/fantastic-chainsaw.app/Contents/Frameworks/libswiftCoreFoundation.dylib'>', hardenedRuntime='0'>'>
2019-12-04 21:28:03 +0000  Skipping profile for item: <IDEDistributionItem: 0x7fda124ec2d0; bundleID='com.apple.dt.runtime.swiftCoreGraphics', path='<DVTFilePath:0x7fda1015b020:'/Users/benzobrist/Library/Developer/Xcode/Archives/2019-12-04/fantastic-chainsaw 12-4-19, 2.12 PM.xcarchive/Products/Applications/fantastic-chainsaw.app/Contents/Frameworks/libswiftCoreGraphics.dylib'>', codeSigningInfo='<_DVTCodeSigningInformation_Path: 0x7fda19bd0e80; isSigned='1', isAdHocSigned='1', signingCertificate='(null)', entitlements='(null)', teamID='(null)', identifier='com.apple.dt.runtime.swiftCoreGraphics', executablePath='<DVTFilePath:0x7fda1015b020:'/Users/benzobrist/Library/Developer/Xcode/Archives/2019-12-04/fantastic-chainsaw 12-4-19, 2.12 PM.xcarchive/Products/Applications/fantastic-chainsaw.app/Contents/Frameworks/libswiftCoreGraphics.dylib'>', hardenedRuntime='0'>'>
2019-12-04 21:28:03 +0000  Skipping profile for item: <IDEDistributionItem: 0x7fda124dc6a0; bundleID='com.apple.dt.runtime.swiftDarwin', path='<DVTFilePath:0x7fda1035d730:'/Users/benzobrist/Library/Developer/Xcode/Archives/2019-12-04/fantastic-chainsaw 12-4-19, 2.12 PM.xcarchive/Products/Applications/fantastic-chainsaw.app/Contents/Frameworks/libswiftDarwin.dylib'>', codeSigningInfo='<_DVTCodeSigningInformation_Path: 0x7fda11521040; isSigned='1', isAdHocSigned='1', signingCertificate='(null)', entitlements='(null)', teamID='(null)', identifier='com.apple.dt.runtime.swiftDarwin', executablePath='<DVTFilePath:0x7fda1035d730:'/Users/benzobrist/Library/Developer/Xcode/Archives/2019-12-04/fantastic-chainsaw 12-4-19, 2.12 PM.xcarchive/Products/Applications/fantastic-chainsaw.app/Contents/Frameworks/libswiftDarwin.dylib'>', hardenedRuntime='0'>'>
2019-12-04 21:28:03 +0000  Skipping profile for item: <IDEDistributionItem: 0x7fda1244f2d0; bundleID='com.apple.dt.runtime.swiftDispatch', path='<DVTFilePath:0x7fda10ff3420:'/Users/benzobrist/Library/Developer/Xcode/Archives/2019-12-04/fantastic-chainsaw 12-4-19, 2.12 PM.xcarchive/Products/Applications/fantastic-chainsaw.app/Contents/Frameworks/libswiftDispatch.dylib'>', codeSigningInfo='<_DVTCodeSigningInformation_Path: 0x7fda0df23d30; isSigned='1', isAdHocSigned='1', signingCertificate='(null)', entitlements='(null)', teamID='(null)', identifier='com.apple.dt.runtime.swiftDispatch', executablePath='<DVTFilePath:0x7fda10ff3420:'/Users/benzobrist/Library/Developer/Xcode/Archives/2019-12-04/fantastic-chainsaw 12-4-19, 2.12 PM.xcarchive/Products/Applications/fantastic-chainsaw.app/Contents/Frameworks/libswiftDispatch.dylib'>', hardenedRuntime='0'>'>
2019-12-04 21:28:03 +0000  Skipping profile for item: <IDEDistributionItem: 0x7fda1245a9f0; bundleID='com.apple.dt.runtime.swiftFoundation', path='<DVTFilePath:0x7fda103607f0:'/Users/benzobrist/Library/Developer/Xcode/Archives/2019-12-04/fantastic-chainsaw 12-4-19, 2.12 PM.xcarchive/Products/Applications/fantastic-chainsaw.app/Contents/Frameworks/libswiftFoundation.dylib'>', codeSigningInfo='<_DVTCodeSigningInformation_Path: 0x7fda0df23320; isSigned='1', isAdHocSigned='1', signingCertificate='(null)', entitlements='(null)', teamID='(null)', identifier='com.apple.dt.runtime.swiftFoundation', executablePath='<DVTFilePath:0x7fda103607f0:'/Users/benzobrist/Library/Developer/Xcode/Archives/2019-12-04/fantastic-chainsaw 12-4-19, 2.12 PM.xcarchive/Products/Applications/fantastic-chainsaw.app/Contents/Frameworks/libswiftFoundation.dylib'>', hardenedRuntime='0'>'>
2019-12-04 21:28:03 +0000  Skipping profile for item: <IDEDistributionItem: 0x7fda15b7db00; bundleID='com.apple.dt.runtime.swiftIOKit', path='<DVTFilePath:0x7fda17d97430:'/Users/benzobrist/Library/Developer/Xcode/Archives/2019-12-04/fantastic-chainsaw 12-4-19, 2.12 PM.xcarchive/Products/Applications/fantastic-chainsaw.app/Contents/Frameworks/libswiftIOKit.dylib'>', codeSigningInfo='<_DVTCodeSigningInformation_Path: 0x7fda11522360; isSigned='1', isAdHocSigned='1', signingCertificate='(null)', entitlements='(null)', teamID='(null)', identifier='com.apple.dt.runtime.swiftIOKit', executablePath='<DVTFilePath:0x7fda17d97430:'/Users/benzobrist/Library/Developer/Xcode/Archives/2019-12-04/fantastic-chainsaw 12-4-19, 2.12 PM.xcarchive/Products/Applications/fantastic-chainsaw.app/Contents/Frameworks/libswiftIOKit.dylib'>', hardenedRuntime='0'>'>
2019-12-04 21:28:03 +0000  Skipping profile for item: <IDEDistributionItem: 0x7fda15b4da90; bundleID='com.apple.dt.runtime.swiftObjectiveC', path='<DVTFilePath:0x7fda11675da0:'/Users/benzobrist/Library/Developer/Xcode/Archives/2019-12-04/fantastic-chainsaw 12-4-19, 2.12 PM.xcarchive/Products/Applications/fantastic-chainsaw.app/Contents/Frameworks/libswiftObjectiveC.dylib'>', codeSigningInfo='<_DVTCodeSigningInformation_Path: 0x7fda19bd1cc0; isSigned='1', isAdHocSigned='1', signingCertificate='(null)', entitlements='(null)', teamID='(null)', identifier='com.apple.dt.runtime.swiftObjectiveC', executablePath='<DVTFilePath:0x7fda11675da0:'/Users/benzobrist/Library/Developer/Xcode/Archives/2019-12-04/fantastic-chainsaw 12-4-19, 2.12 PM.xcarchive/Products/Applications/fantastic-chainsaw.app/Contents/Frameworks/libswiftObjectiveC.dylib'>', hardenedRuntime='0'>'>
2019-12-04 21:28:03 +0000  Skipping profile for item: <IDEDistributionItem: 0x7fda124db950; bundleID='com.zobiejrz.fantastic-chainsaw', path='<DVTFilePath:0x7fda139de4d0:'/Users/benzobrist/Library/Developer/Xcode/Archives/2019-12-04/fantastic-chainsaw 12-4-19, 2.12 PM.xcarchive/Products/Applications/fantastic-chainsaw.app'>', codeSigningInfo='<_DVTCodeSigningInformation_Path: 0x7fda13b29290; isSigned='1', isAdHocSigned='1', signingCertificate='(null)', entitlements='{
    "com.apple.security.app-sandbox" = 1;
    "com.apple.security.files.user-selected.read-only" = 1;
}', teamID='(null)', identifier='com.zobiejrz.fantastic-chainsaw', executablePath='<DVTFilePath:0x7fda1382f6a0:'/Users/benzobrist/Library/Developer/Xcode/Archives/2019-12-04/fantastic-chainsaw 12-4-19, 2.12 PM.xcarchive/Products/Applications/fantastic-chainsaw.app/Contents/MacOS/fantastic-chainsaw'>', hardenedRuntime='0'>'>
2019-12-04 21:28:03 +0000  Processing step: IDEDistributionAppThinningPlistStep
2019-12-04 21:28:03 +0000  Processing step: IDEDistributionCompileBitcodeStep
2019-12-04 21:28:03 +0000  Skipping step: IDEDistributionCompileBitcodeStep because it said so
2019-12-04 21:28:03 +0000  Processing step: IDEDistributionCodeSlimmingStep
2019-12-04 21:28:03 +0000  Processing step: IDEDistributionCopyBCSymbolMapsStep
2019-12-04 21:28:03 +0000  Skipping step: IDEDistributionCopyBCSymbolMapsStep because it said so
2019-12-04 21:28:03 +0000  Skipping step: IDEDistributionCopyBCSymbolMapsStep because it said so
2019-12-04 21:28:03 +0000  Skipping step: IDEDistributionCopyBCSymbolMapsStep because it said so
2019-12-04 21:28:03 +0000  Skipping step: IDEDistributionCopyBCSymbolMapsStep because it said so
2019-12-04 21:28:03 +0000  Skipping step: IDEDistributionCopyBCSymbolMapsStep because it said so
2019-12-04 21:28:03 +0000  Skipping step: IDEDistributionCopyBCSymbolMapsStep because it said so
2019-12-04 21:28:03 +0000  Skipping step: IDEDistributionCopyBCSymbolMapsStep because it said so
2019-12-04 21:28:03 +0000  Skipping step: IDEDistributionCopyBCSymbolMapsStep because it said so
2019-12-04 21:28:03 +0000  Skipping step: IDEDistributionCopyBCSymbolMapsStep because it said so
2019-12-04 21:28:03 +0000  Processing step: IDEDistributionSymbolsStep
2019-12-04 21:28:03 +0000  Skipping step: IDEDistributionSymbolsStep because it said so
2019-12-04 21:28:03 +0000  Skipping step: IDEDistributionSymbolsStep because it said so
2019-12-04 21:28:03 +0000  Skipping step: IDEDistributionSymbolsStep because it said so
2019-12-04 21:28:03 +0000  Skipping step: IDEDistributionSymbolsStep because it said so
2019-12-04 21:28:03 +0000  Skipping step: IDEDistributionSymbolsStep because it said so
2019-12-04 21:28:03 +0000  Skipping step: IDEDistributionSymbolsStep because it said so
2019-12-04 21:28:03 +0000  Skipping step: IDEDistributionSymbolsStep because it said so
2019-12-04 21:28:03 +0000  Skipping step: IDEDistributionSymbolsStep because it said so
2019-12-04 21:28:03 +0000  Skipping step: IDEDistributionSymbolsStep because it said so
2019-12-04 21:28:03 +0000  Processing step: IDEDistributionAppThinningStep
2019-12-04 21:28:03 +0000  Skipping step: IDEDistributionAppThinningStep because it said so
2019-12-04 21:28:03 +0000  Processing step: IDEDistributionArchThinningStep
2019-12-04 21:28:03 +0000  Running /Applications/Xcode.app/Contents/Developer/Toolchains/XcodeDefault.xctoolchain/usr/bin/lipo '/var/folders/8x/h8554ypn471fpjrfqg4w54th0000gn/T/XcodeDistPipeline.~~~uY0vxw/Root/Applications/fantastic-chainsaw.app/Contents/Frameworks/libswiftCore.dylib' '-verify_arch' 'arm64e'
2019-12-04 21:28:03 +0000  /Applications/Xcode.app/Contents/Developer/Toolchains/XcodeDefault.xctoolchain/usr/bin/lipo exited with 1
2019-12-04 21:28:03 +0000  Skipping architecture thinning for item "libswiftCore.dylib" because arch "arm64e" wasn't found
2019-12-04 21:28:03 +0000  Running /Applications/Xcode.app/Contents/Developer/Toolchains/XcodeDefault.xctoolchain/usr/bin/lipo '/var/folders/8x/h8554ypn471fpjrfqg4w54th0000gn/T/XcodeDistPipeline.~~~uY0vxw/Root/Applications/fantastic-chainsaw.app/Contents/Frameworks/libswiftCoreFoundation.dylib' '-verify_arch' 'arm64e'
2019-12-04 21:28:03 +0000  /Applications/Xcode.app/Contents/Developer/Toolchains/XcodeDefault.xctoolchain/usr/bin/lipo exited with 1
2019-12-04 21:28:03 +0000  Skipping architecture thinning for item "libswiftCoreFoundation.dylib" because arch "arm64e" wasn't found
2019-12-04 21:28:03 +0000  Running /Applications/Xcode.app/Contents/Developer/Toolchains/XcodeDefault.xctoolchain/usr/bin/lipo '/var/folders/8x/h8554ypn471fpjrfqg4w54th0000gn/T/XcodeDistPipeline.~~~uY0vxw/Root/Applications/fantastic-chainsaw.app/Contents/Frameworks/libswiftCoreGraphics.dylib' '-verify_arch' 'arm64e'
2019-12-04 21:28:03 +0000  /Applications/Xcode.app/Contents/Developer/Toolchains/XcodeDefault.xctoolchain/usr/bin/lipo exited with 1
2019-12-04 21:28:03 +0000  Skipping architecture thinning for item "libswiftCoreGraphics.dylib" because arch "arm64e" wasn't found
2019-12-04 21:28:03 +0000  Running /Applications/Xcode.app/Contents/Developer/Toolchains/XcodeDefault.xctoolchain/usr/bin/lipo '/var/folders/8x/h8554ypn471fpjrfqg4w54th0000gn/T/XcodeDistPipeline.~~~uY0vxw/Root/Applications/fantastic-chainsaw.app/Contents/Frameworks/libswiftDarwin.dylib' '-verify_arch' 'arm64e'
2019-12-04 21:28:03 +0000  /Applications/Xcode.app/Contents/Developer/Toolchains/XcodeDefault.xctoolchain/usr/bin/lipo exited with 1
2019-12-04 21:28:03 +0000  Skipping architecture thinning for item "libswiftDarwin.dylib" because arch "arm64e" wasn't found
2019-12-04 21:28:03 +0000  Running /Applications/Xcode.app/Contents/Developer/Toolchains/XcodeDefault.xctoolchain/usr/bin/lipo '/var/folders/8x/h8554ypn471fpjrfqg4w54th0000gn/T/XcodeDistPipeline.~~~uY0vxw/Root/Applications/fantastic-chainsaw.app/Contents/Frameworks/libswiftDispatch.dylib' '-verify_arch' 'arm64e'
2019-12-04 21:28:03 +0000  /Applications/Xcode.app/Contents/Developer/Toolchains/XcodeDefault.xctoolchain/usr/bin/lipo exited with 1
2019-12-04 21:28:03 +0000  Skipping architecture thinning for item "libswiftDispatch.dylib" because arch "arm64e" wasn't found
2019-12-04 21:28:03 +0000  Running /Applications/Xcode.app/Contents/Developer/Toolchains/XcodeDefault.xctoolchain/usr/bin/lipo '/var/folders/8x/h8554ypn471fpjrfqg4w54th0000gn/T/XcodeDistPipeline.~~~uY0vxw/Root/Applications/fantastic-chainsaw.app/Contents/Frameworks/libswiftFoundation.dylib' '-verify_arch' 'arm64e'
2019-12-04 21:28:03 +0000  /Applications/Xcode.app/Contents/Developer/Toolchains/XcodeDefault.xctoolchain/usr/bin/lipo exited with 1
2019-12-04 21:28:03 +0000  Skipping architecture thinning for item "libswiftFoundation.dylib" because arch "arm64e" wasn't found
2019-12-04 21:28:03 +0000  Running /Applications/Xcode.app/Contents/Developer/Toolchains/XcodeDefault.xctoolchain/usr/bin/lipo '/var/folders/8x/h8554ypn471fpjrfqg4w54th0000gn/T/XcodeDistPipeline.~~~uY0vxw/Root/Applications/fantastic-chainsaw.app/Contents/Frameworks/libswiftIOKit.dylib' '-verify_arch' 'arm64e'
2019-12-04 21:28:03 +0000  /Applications/Xcode.app/Contents/Developer/Toolchains/XcodeDefault.xctoolchain/usr/bin/lipo exited with 1
2019-12-04 21:28:03 +0000  Skipping architecture thinning for item "libswiftIOKit.dylib" because arch "arm64e" wasn't found
2019-12-04 21:28:03 +0000  Running /Applications/Xcode.app/Contents/Developer/Toolchains/XcodeDefault.xctoolchain/usr/bin/lipo '/var/folders/8x/h8554ypn471fpjrfqg4w54th0000gn/T/XcodeDistPipeline.~~~uY0vxw/Root/Applications/fantastic-chainsaw.app/Contents/Frameworks/libswiftObjectiveC.dylib' '-verify_arch' 'arm64e'
2019-12-04 21:28:03 +0000  /Applications/Xcode.app/Contents/Developer/Toolchains/XcodeDefault.xctoolchain/usr/bin/lipo exited with 1
2019-12-04 21:28:03 +0000  Skipping architecture thinning for item "libswiftObjectiveC.dylib" because arch "arm64e" wasn't found
2019-12-04 21:28:03 +0000  Running /Applications/Xcode.app/Contents/Developer/Toolchains/XcodeDefault.xctoolchain/usr/bin/lipo '/var/folders/8x/h8554ypn471fpjrfqg4w54th0000gn/T/XcodeDistPipeline.~~~uY0vxw/Root/Applications/fantastic-chainsaw.app/Contents/MacOS/fantastic-chainsaw' '-verify_arch' 'arm64e'
2019-12-04 21:28:03 +0000  /Applications/Xcode.app/Contents/Developer/Toolchains/XcodeDefault.xctoolchain/usr/bin/lipo exited with 1
2019-12-04 21:28:03 +0000  Skipping architecture thinning for item "fantastic-chainsaw" because arch "arm64e" wasn't found
2019-12-04 21:28:03 +0000  Processing step: IDEDistributionODRStep
2019-12-04 21:28:03 +0000  Processing step: IDEDistributionStripXattrsStep
2019-12-04 21:28:03 +0000  Skipping stripping extended attributes of item: <IDEDistributionItem: 0x7fda124d35b0; bundleID='com.apple.dt.runtime.swiftCore', path='<DVTFilePath:0x7fda100f27f0:'/Users/benzobrist/Library/Developer/Xcode/Archives/2019-12-04/fantastic-chainsaw 12-4-19, 2.12 PM.xcarchive/Products/Applications/fantastic-chainsaw.app/Contents/Frameworks/libswiftCore.dylib'>', codeSigningInfo='<_DVTCodeSigningInformation_Path: 0x7fda13b0c200; isSigned='1', isAdHocSigned='1', signingCertificate='(null)', entitlements='(null)', teamID='(null)', identifier='com.apple.dt.runtime.swiftCore', executablePath='<DVTFilePath:0x7fda100f27f0:'/Users/benzobrist/Library/Developer/Xcode/Archives/2019-12-04/fantastic-chainsaw 12-4-19, 2.12 PM.xcarchive/Products/Applications/fantastic-chainsaw.app/Contents/Frameworks/libswiftCore.dylib'>', hardenedRuntime='0'>'>
2019-12-04 21:28:03 +0000  Skipping stripping extended attributes of item: <IDEDistributionItem: 0x7fda1241dec0; bundleID='com.apple.dt.runtime.swiftCoreFoundation', path='<DVTFilePath:0x7fda17d70310:'/Users/benzobrist/Library/Developer/Xcode/Archives/2019-12-04/fantastic-chainsaw 12-4-19, 2.12 PM.xcarchive/Products/Applications/fantastic-chainsaw.app/Contents/Frameworks/libswiftCoreFoundation.dylib'>', codeSigningInfo='<_DVTCodeSigningInformation_Path: 0x7fda13be8990; isSigned='1', isAdHocSigned='1', signingCertificate='(null)', entitlements='(null)', teamID='(null)', identifier='com.apple.dt.runtime.swiftCoreFoundation', executablePath='<DVTFilePath:0x7fda17d70310:'/Users/benzobrist/Library/Developer/Xcode/Archives/2019-12-04/fantastic-chainsaw 12-4-19, 2.12 PM.xcarchive/Products/Applications/fantastic-chainsaw.app/Contents/Frameworks/libswiftCoreFoundation.dylib'>', hardenedRuntime='0'>'>
2019-12-04 21:28:03 +0000  Skipping stripping extended attributes of item: <IDEDistributionItem: 0x7fda124ec2d0; bundleID='com.apple.dt.runtime.swiftCoreGraphics', path='<DVTFilePath:0x7fda1015b020:'/Users/benzobrist/Library/Developer/Xcode/Archives/2019-12-04/fantastic-chainsaw 12-4-19, 2.12 PM.xcarchive/Products/Applications/fantastic-chainsaw.app/Contents/Frameworks/libswiftCoreGraphics.dylib'>', codeSigningInfo='<_DVTCodeSigningInformation_Path: 0x7fda19bd0e80; isSigned='1', isAdHocSigned='1', signingCertificate='(null)', entitlements='(null)', teamID='(null)', identifier='com.apple.dt.runtime.swiftCoreGraphics', executablePath='<DVTFilePath:0x7fda1015b020:'/Users/benzobrist/Library/Developer/Xcode/Archives/2019-12-04/fantastic-chainsaw 12-4-19, 2.12 PM.xcarchive/Products/Applications/fantastic-chainsaw.app/Contents/Frameworks/libswiftCoreGraphics.dylib'>', hardenedRuntime='0'>'>
2019-12-04 21:28:03 +0000  Skipping stripping extended attributes of item: <IDEDistributionItem: 0x7fda124dc6a0; bundleID='com.apple.dt.runtime.swiftDarwin', path='<DVTFilePath:0x7fda1035d730:'/Users/benzobrist/Library/Developer/Xcode/Archives/2019-12-04/fantastic-chainsaw 12-4-19, 2.12 PM.xcarchive/Products/Applications/fantastic-chainsaw.app/Contents/Frameworks/libswiftDarwin.dylib'>', codeSigningInfo='<_DVTCodeSigningInformation_Path: 0x7fda11521040; isSigned='1', isAdHocSigned='1', signingCertificate='(null)', entitlements='(null)', teamID='(null)', identifier='com.apple.dt.runtime.swiftDarwin', executablePath='<DVTFilePath:0x7fda1035d730:'/Users/benzobrist/Library/Developer/Xcode/Archives/2019-12-04/fantastic-chainsaw 12-4-19, 2.12 PM.xcarchive/Products/Applications/fantastic-chainsaw.app/Contents/Frameworks/libswiftDarwin.dylib'>', hardenedRuntime='0'>'>
2019-12-04 21:28:03 +0000  Skipping stripping extended attributes of item: <IDEDistributionItem: 0x7fda1244f2d0; bundleID='com.apple.dt.runtime.swiftDispatch', path='<DVTFilePath:0x7fda10ff3420:'/Users/benzobrist/Library/Developer/Xcode/Archives/2019-12-04/fantastic-chainsaw 12-4-19, 2.12 PM.xcarchive/Products/Applications/fantastic-chainsaw.app/Contents/Frameworks/libswiftDispatch.dylib'>', codeSigningInfo='<_DVTCodeSigningInformation_Path: 0x7fda0df23d30; isSigned='1', isAdHocSigned='1', signingCertificate='(null)', entitlements='(null)', teamID='(null)', identifier='com.apple.dt.runtime.swiftDispatch', executablePath='<DVTFilePath:0x7fda10ff3420:'/Users/benzobrist/Library/Developer/Xcode/Archives/2019-12-04/fantastic-chainsaw 12-4-19, 2.12 PM.xcarchive/Products/Applications/fantastic-chainsaw.app/Contents/Frameworks/libswiftDispatch.dylib'>', hardenedRuntime='0'>'>
2019-12-04 21:28:03 +0000  Skipping stripping extended attributes of item: <IDEDistributionItem: 0x7fda1245a9f0; bundleID='com.apple.dt.runtime.swiftFoundation', path='<DVTFilePath:0x7fda103607f0:'/Users/benzobrist/Library/Developer/Xcode/Archives/2019-12-04/fantastic-chainsaw 12-4-19, 2.12 PM.xcarchive/Products/Applications/fantastic-chainsaw.app/Contents/Frameworks/libswiftFoundation.dylib'>', codeSigningInfo='<_DVTCodeSigningInformation_Path: 0x7fda0df23320; isSigned='1', isAdHocSigned='1', signingCertificate='(null)', entitlements='(null)', teamID='(null)', identifier='com.apple.dt.runtime.swiftFoundation', executablePath='<DVTFilePath:0x7fda103607f0:'/Users/benzobrist/Library/Developer/Xcode/Archives/2019-12-04/fantastic-chainsaw 12-4-19, 2.12 PM.xcarchive/Products/Applications/fantastic-chainsaw.app/Contents/Frameworks/libswiftFoundation.dylib'>', hardenedRuntime='0'>'>
2019-12-04 21:28:03 +0000  Skipping stripping extended attributes of item: <IDEDistributionItem: 0x7fda15b7db00; bundleID='com.apple.dt.runtime.swiftIOKit', path='<DVTFilePath:0x7fda17d97430:'/Users/benzobrist/Library/Developer/Xcode/Archives/2019-12-04/fantastic-chainsaw 12-4-19, 2.12 PM.xcarchive/Products/Applications/fantastic-chainsaw.app/Contents/Frameworks/libswiftIOKit.dylib'>', codeSigningInfo='<_DVTCodeSigningInformation_Path: 0x7fda11522360; isSigned='1', isAdHocSigned='1', signingCertificate='(null)', entitlements='(null)', teamID='(null)', identifier='com.apple.dt.runtime.swiftIOKit', executablePath='<DVTFilePath:0x7fda17d97430:'/Users/benzobrist/Library/Developer/Xcode/Archives/2019-12-04/fantastic-chainsaw 12-4-19, 2.12 PM.xcarchive/Products/Applications/fantastic-chainsaw.app/Contents/Frameworks/libswiftIOKit.dylib'>', hardenedRuntime='0'>'>
2019-12-04 21:28:03 +0000  Skipping stripping extended attributes of item: <IDEDistributionItem: 0x7fda15b4da90; bundleID='com.apple.dt.runtime.swiftObjectiveC', path='<DVTFilePath:0x7fda11675da0:'/Users/benzobrist/Library/Developer/Xcode/Archives/2019-12-04/fantastic-chainsaw 12-4-19, 2.12 PM.xcarchive/Products/Applications/fantastic-chainsaw.app/Contents/Frameworks/libswiftObjectiveC.dylib'>', codeSigningInfo='<_DVTCodeSigningInformation_Path: 0x7fda19bd1cc0; isSigned='1', isAdHocSigned='1', signingCertificate='(null)', entitlements='(null)', teamID='(null)', identifier='com.apple.dt.runtime.swiftObjectiveC', executablePath='<DVTFilePath:0x7fda11675da0:'/Users/benzobrist/Library/Developer/Xcode/Archives/2019-12-04/fantastic-chainsaw 12-4-19, 2.12 PM.xcarchive/Products/Applications/fantastic-chainsaw.app/Contents/Frameworks/libswiftObjectiveC.dylib'>', hardenedRuntime='0'>'>
2019-12-04 21:28:03 +0000  Running /usr/bin/xattr '-crs' '/var/folders/8x/h8554ypn471fpjrfqg4w54th0000gn/T/XcodeDistPipeline.~~~uY0vxw/Root/Applications/fantastic-chainsaw.app'
2019-12-04 21:28:04 +0000  /usr/bin/xattr exited with 0
2019-12-04 21:28:04 +0000  Processing step: IDEDistributionCodesignStep
2019-12-04 21:28:04 +0000  Entitlements for <IDEDistributionItem: 0x7fda124d35b0; bundleID='com.apple.dt.runtime.swiftCore', path='<DVTFilePath:0x7fda100f27f0:'/Users/benzobrist/Library/Developer/Xcode/Archives/2019-12-04/fantastic-chainsaw 12-4-19, 2.12 PM.xcarchive/Products/Applications/fantastic-chainsaw.app/Contents/Frameworks/libswiftCore.dylib'>', codeSigningInfo='<_DVTCodeSigningInformation_Path: 0x7fda13b0c200; isSigned='1', isAdHocSigned='1', signingCertificate='(null)', entitlements='(null)', teamID='(null)', identifier='com.apple.dt.runtime.swiftCore', executablePath='<DVTFilePath:0x7fda100f27f0:'/Users/benzobrist/Library/Developer/Xcode/Archives/2019-12-04/fantastic-chainsaw 12-4-19, 2.12 PM.xcarchive/Products/Applications/fantastic-chainsaw.app/Contents/Frameworks/libswiftCore.dylib'>', hardenedRuntime='0'>'>: {
}
2019-12-04 21:28:04 +0000  Writing entitlements for <IDEDistributionItem: 0x7fda124d35b0; bundleID='com.apple.dt.runtime.swiftCore', path='<DVTFilePath:0x7fda100f27f0:'/Users/benzobrist/Library/Developer/Xcode/Archives/2019-12-04/fantastic-chainsaw 12-4-19, 2.12 PM.xcarchive/Products/Applications/fantastic-chainsaw.app/Contents/Frameworks/libswiftCore.dylib'>', codeSigningInfo='<_DVTCodeSigningInformation_Path: 0x7fda13b0c200; isSigned='1', isAdHocSigned='1', signingCertificate='(null)', entitlements='(null)', teamID='(null)', identifier='com.apple.dt.runtime.swiftCore', executablePath='<DVTFilePath:0x7fda100f27f0:'/Users/benzobrist/Library/Developer/Xcode/Archives/2019-12-04/fantastic-chainsaw 12-4-19, 2.12 PM.xcarchive/Products/Applications/fantastic-chainsaw.app/Contents/Frameworks/libswiftCore.dylib'>', hardenedRuntime='0'>'> to: /var/folders/8x/h8554ypn471fpjrfqg4w54th0000gn/T/XcodeDistPipeline.~~~uY0vxw/entitlements~~~8wIzFj
2019-12-04 21:28:04 +0000  Running /usr/bin/codesign '-vvv' '--force' '--sign' '150411D63007BD1C1FC404A299C56C1DCD306813' '--entitlements' '/var/folders/8x/h8554ypn471fpjrfqg4w54th0000gn/T/XcodeDistPipeline.~~~uY0vxw/entitlements~~~8wIzFj' '--preserve-metadata=identifier,flags,runtime' '/var/folders/8x/h8554ypn471fpjrfqg4w54th0000gn/T/XcodeDistPipeline.~~~uY0vxw/Root/Applications/fantastic-chainsaw.app/Contents/Frameworks/libswiftCore.dylib'
2019-12-04 21:28:04 +0000  /var/folders/8x/h8554ypn471fpjrfqg4w54th0000gn/T/XcodeDistPipeline.~~~uY0vxw/Root/Applications/fantastic-chainsaw.app/Contents/Frameworks/libswiftCore.dylib: replacing existing signature
2019-12-04 21:28:04 +0000  /var/folders/8x/h8554ypn471fpjrfqg4w54th0000gn/T/XcodeDistPipeline.~~~uY0vxw/Root/Applications/fantastic-chainsaw.app/Contents/Frameworks/libswiftCore.dylib: signed Mach-O thin (x86_64) [com.apple.dt.runtime.swiftCore]
2019-12-04 21:28:04 +0000  /usr/bin/codesign exited with 0
2019-12-04 21:28:04 +0000  Entitlements for <IDEDistributionItem: 0x7fda1241dec0; bundleID='com.apple.dt.runtime.swiftCoreFoundation', path='<DVTFilePath:0x7fda17d70310:'/Users/benzobrist/Library/Developer/Xcode/Archives/2019-12-04/fantastic-chainsaw 12-4-19, 2.12 PM.xcarchive/Products/Applications/fantastic-chainsaw.app/Contents/Frameworks/libswiftCoreFoundation.dylib'>', codeSigningInfo='<_DVTCodeSigningInformation_Path: 0x7fda13be8990; isSigned='1', isAdHocSigned='1', signingCertificate='(null)', entitlements='(null)', teamID='(null)', identifier='com.apple.dt.runtime.swiftCoreFoundation', executablePath='<DVTFilePath:0x7fda17d70310:'/Users/benzobrist/Library/Developer/Xcode/Archives/2019-12-04/fantastic-chainsaw 12-4-19, 2.12 PM.xcarchive/Products/Applications/fantastic-chainsaw.app/Contents/Frameworks/libswiftCoreFoundation.dylib'>', hardenedRuntime='0'>'>: {
}
2019-12-04 21:28:04 +0000  Writing entitlements for <IDEDistributionItem: 0x7fda1241dec0; bundleID='com.apple.dt.runtime.swiftCoreFoundation', path='<DVTFilePath:0x7fda17d70310:'/Users/benzobrist/Library/Developer/Xcode/Archives/2019-12-04/fantastic-chainsaw 12-4-19, 2.12 PM.xcarchive/Products/Applications/fantastic-chainsaw.app/Contents/Frameworks/libswiftCoreFoundation.dylib'>', codeSigningInfo='<_DVTCodeSigningInformation_Path: 0x7fda13be8990; isSigned='1', isAdHocSigned='1', signingCertificate='(null)', entitlements='(null)', teamID='(null)', identifier='com.apple.dt.runtime.swiftCoreFoundation', executablePath='<DVTFilePath:0x7fda17d70310:'/Users/benzobrist/Library/Developer/Xcode/Archives/2019-12-04/fantastic-chainsaw 12-4-19, 2.12 PM.xcarchive/Products/Applications/fantastic-chainsaw.app/Contents/Frameworks/libswiftCoreFoundation.dylib'>', hardenedRuntime='0'>'> to: /var/folders/8x/h8554ypn471fpjrfqg4w54th0000gn/T/XcodeDistPipeline.~~~uY0vxw/entitlements~~~JwYlYz
2019-12-04 21:28:04 +0000  Running /usr/bin/codesign '-vvv' '--force' '--sign' '150411D63007BD1C1FC404A299C56C1DCD306813' '--entitlements' '/var/folders/8x/h8554ypn471fpjrfqg4w54th0000gn/T/XcodeDistPipeline.~~~uY0vxw/entitlements~~~JwYlYz' '--preserve-metadata=identifier,flags,runtime' '/var/folders/8x/h8554ypn471fpjrfqg4w54th0000gn/T/XcodeDistPipeline.~~~uY0vxw/Root/Applications/fantastic-chainsaw.app/Contents/Frameworks/libswiftCoreFoundation.dylib'
2019-12-04 21:28:04 +0000  /var/folders/8x/h8554ypn471fpjrfqg4w54th0000gn/T/XcodeDistPipeline.~~~uY0vxw/Root/Applications/fantastic-chainsaw.app/Contents/Frameworks/libswiftCoreFoundation.dylib: replacing existing signature
2019-12-04 21:28:04 +0000  /var/folders/8x/h8554ypn471fpjrfqg4w54th0000gn/T/XcodeDistPipeline.~~~uY0vxw/Root/Applications/fantastic-chainsaw.app/Contents/Frameworks/libswiftCoreFoundation.dylib: signed Mach-O thin (x86_64) [com.apple.dt.runtime.swiftCoreFoundation]
2019-12-04 21:28:04 +0000  /usr/bin/codesign exited with 0
2019-12-04 21:28:04 +0000  Entitlements for <IDEDistributionItem: 0x7fda124ec2d0; bundleID='com.apple.dt.runtime.swiftCoreGraphics', path='<DVTFilePath:0x7fda1015b020:'/Users/benzobrist/Library/Developer/Xcode/Archives/2019-12-04/fantastic-chainsaw 12-4-19, 2.12 PM.xcarchive/Products/Applications/fantastic-chainsaw.app/Contents/Frameworks/libswiftCoreGraphics.dylib'>', codeSigningInfo='<_DVTCodeSigningInformation_Path: 0x7fda19bd0e80; isSigned='1', isAdHocSigned='1', signingCertificate='(null)', entitlements='(null)', teamID='(null)', identifier='com.apple.dt.runtime.swiftCoreGraphics', executablePath='<DVTFilePath:0x7fda1015b020:'/Users/benzobrist/Library/Developer/Xcode/Archives/2019-12-04/fantastic-chainsaw 12-4-19, 2.12 PM.xcarchive/Products/Applications/fantastic-chainsaw.app/Contents/Frameworks/libswiftCoreGraphics.dylib'>', hardenedRuntime='0'>'>: {
}
2019-12-04 21:28:04 +0000  Writing entitlements for <IDEDistributionItem: 0x7fda124ec2d0; bundleID='com.apple.dt.runtime.swiftCoreGraphics', path='<DVTFilePath:0x7fda1015b020:'/Users/benzobrist/Library/Developer/Xcode/Archives/2019-12-04/fantastic-chainsaw 12-4-19, 2.12 PM.xcarchive/Products/Applications/fantastic-chainsaw.app/Contents/Frameworks/libswiftCoreGraphics.dylib'>', codeSigningInfo='<_DVTCodeSigningInformation_Path: 0x7fda19bd0e80; isSigned='1', isAdHocSigned='1', signingCertificate='(null)', entitlements='(null)', teamID='(null)', identifier='com.apple.dt.runtime.swiftCoreGraphics', executablePath='<DVTFilePath:0x7fda1015b020:'/Users/benzobrist/Library/Developer/Xcode/Archives/2019-12-04/fantastic-chainsaw 12-4-19, 2.12 PM.xcarchive/Products/Applications/fantastic-chainsaw.app/Contents/Frameworks/libswiftCoreGraphics.dylib'>', hardenedRuntime='0'>'> to: /var/folders/8x/h8554ypn471fpjrfqg4w54th0000gn/T/XcodeDistPipeline.~~~uY0vxw/entitlements~~~RVNWiH
2019-12-04 21:28:04 +0000  Running /usr/bin/codesign '-vvv' '--force' '--sign' '150411D63007BD1C1FC404A299C56C1DCD306813' '--entitlements' '/var/folders/8x/h8554ypn471fpjrfqg4w54th0000gn/T/XcodeDistPipeline.~~~uY0vxw/entitlements~~~RVNWiH' '--preserve-metadata=identifier,flags,runtime' '/var/folders/8x/h8554ypn471fpjrfqg4w54th0000gn/T/XcodeDistPipeline.~~~uY0vxw/Root/Applications/fantastic-chainsaw.app/Contents/Frameworks/libswiftCoreGraphics.dylib'
2019-12-04 21:28:05 +0000  /var/folders/8x/h8554ypn471fpjrfqg4w54th0000gn/T/XcodeDistPipeline.~~~uY0vxw/Root/Applications/fantastic-chainsaw.app/Contents/Frameworks/libswiftCoreGraphics.dylib: replacing existing signature
2019-12-04 21:28:05 +0000  /var/folders/8x/h8554ypn471fpjrfqg4w54th0000gn/T/XcodeDistPipeline.~~~uY0vxw/Root/Applications/fantastic-chainsaw.app/Contents/Frameworks/libswiftCoreGraphics.dylib: signed Mach-O thin (x86_64) [com.apple.dt.runtime.swiftCoreGraphics]
2019-12-04 21:28:05 +0000  /usr/bin/codesign exited with 0
2019-12-04 21:28:05 +0000  Entitlements for <IDEDistributionItem: 0x7fda124dc6a0; bundleID='com.apple.dt.runtime.swiftDarwin', path='<DVTFilePath:0x7fda1035d730:'/Users/benzobrist/Library/Developer/Xcode/Archives/2019-12-04/fantastic-chainsaw 12-4-19, 2.12 PM.xcarchive/Products/Applications/fantastic-chainsaw.app/Contents/Frameworks/libswiftDarwin.dylib'>', codeSigningInfo='<_DVTCodeSigningInformation_Path: 0x7fda11521040; isSigned='1', isAdHocSigned='1', signingCertificate='(null)', entitlements='(null)', teamID='(null)', identifier='com.apple.dt.runtime.swiftDarwin', executablePath='<DVTFilePath:0x7fda1035d730:'/Users/benzobrist/Library/Developer/Xcode/Archives/2019-12-04/fantastic-chainsaw 12-4-19, 2.12 PM.xcarchive/Products/Applications/fantastic-chainsaw.app/Contents/Frameworks/libswiftDarwin.dylib'>', hardenedRuntime='0'>'>: {
}
2019-12-04 21:28:05 +0000  Writing entitlements for <IDEDistributionItem: 0x7fda124dc6a0; bundleID='com.apple.dt.runtime.swiftDarwin', path='<DVTFilePath:0x7fda1035d730:'/Users/benzobrist/Library/Developer/Xcode/Archives/2019-12-04/fantastic-chainsaw 12-4-19, 2.12 PM.xcarchive/Products/Applications/fantastic-chainsaw.app/Contents/Frameworks/libswiftDarwin.dylib'>', codeSigningInfo='<_DVTCodeSigningInformation_Path: 0x7fda11521040; isSigned='1', isAdHocSigned='1', signingCertificate='(null)', entitlements='(null)', teamID='(null)', identifier='com.apple.dt.runtime.swiftDarwin', executablePath='<DVTFilePath:0x7fda1035d730:'/Users/benzobrist/Library/Developer/Xcode/Archives/2019-12-04/fantastic-chainsaw 12-4-19, 2.12 PM.xcarchive/Products/Applications/fantastic-chainsaw.app/Contents/Frameworks/libswiftDarwin.dylib'>', hardenedRuntime='0'>'> to: /var/folders/8x/h8554ypn471fpjrfqg4w54th0000gn/T/XcodeDistPipeline.~~~uY0vxw/entitlements~~~OYoaim
2019-12-04 21:28:05 +0000  Running /usr/bin/codesign '-vvv' '--force' '--sign' '150411D63007BD1C1FC404A299C56C1DCD306813' '--entitlements' '/var/folders/8x/h8554ypn471fpjrfqg4w54th0000gn/T/XcodeDistPipeline.~~~uY0vxw/entitlements~~~OYoaim' '--preserve-metadata=identifier,flags,runtime' '/var/folders/8x/h8554ypn471fpjrfqg4w54th0000gn/T/XcodeDistPipeline.~~~uY0vxw/Root/Applications/fantastic-chainsaw.app/Contents/Frameworks/libswiftDarwin.dylib'
2019-12-04 21:28:05 +0000  /var/folders/8x/h8554ypn471fpjrfqg4w54th0000gn/T/XcodeDistPipeline.~~~uY0vxw/Root/Applications/fantastic-chainsaw.app/Contents/Frameworks/libswiftDarwin.dylib: replacing existing signature
2019-12-04 21:28:05 +0000  /var/folders/8x/h8554ypn471fpjrfqg4w54th0000gn/T/XcodeDistPipeline.~~~uY0vxw/Root/Applications/fantastic-chainsaw.app/Contents/Frameworks/libswiftDarwin.dylib: signed Mach-O thin (x86_64) [com.apple.dt.runtime.swiftDarwin]
2019-12-04 21:28:05 +0000  /usr/bin/codesign exited with 0
2019-12-04 21:28:05 +0000  Entitlements for <IDEDistributionItem: 0x7fda1244f2d0; bundleID='com.apple.dt.runtime.swiftDispatch', path='<DVTFilePath:0x7fda10ff3420:'/Users/benzobrist/Library/Developer/Xcode/Archives/2019-12-04/fantastic-chainsaw 12-4-19, 2.12 PM.xcarchive/Products/Applications/fantastic-chainsaw.app/Contents/Frameworks/libswiftDispatch.dylib'>', codeSigningInfo='<_DVTCodeSigningInformation_Path: 0x7fda0df23d30; isSigned='1', isAdHocSigned='1', signingCertificate='(null)', entitlements='(null)', teamID='(null)', identifier='com.apple.dt.runtime.swiftDispatch', executablePath='<DVTFilePath:0x7fda10ff3420:'/Users/benzobrist/Library/Developer/Xcode/Archives/2019-12-04/fantastic-chainsaw 12-4-19, 2.12 PM.xcarchive/Products/Applications/fantastic-chainsaw.app/Contents/Frameworks/libswiftDispatch.dylib'>', hardenedRuntime='0'>'>: {
}
2019-12-04 21:28:05 +0000  Writing entitlements for <IDEDistributionItem: 0x7fda1244f2d0; bundleID='com.apple.dt.runtime.swiftDispatch', path='<DVTFilePath:0x7fda10ff3420:'/Users/benzobrist/Library/Developer/Xcode/Archives/2019-12-04/fantastic-chainsaw 12-4-19, 2.12 PM.xcarchive/Products/Applications/fantastic-chainsaw.app/Contents/Frameworks/libswiftDispatch.dylib'>', codeSigningInfo='<_DVTCodeSigningInformation_Path: 0x7fda0df23d30; isSigned='1', isAdHocSigned='1', signingCertificate='(null)', entitlements='(null)', teamID='(null)', identifier='com.apple.dt.runtime.swiftDispatch', executablePath='<DVTFilePath:0x7fda10ff3420:'/Users/benzobrist/Library/Developer/Xcode/Archives/2019-12-04/fantastic-chainsaw 12-4-19, 2.12 PM.xcarchive/Products/Applications/fantastic-chainsaw.app/Contents/Frameworks/libswiftDispatch.dylib'>', hardenedRuntime='0'>'> to: /var/folders/8x/h8554ypn471fpjrfqg4w54th0000gn/T/XcodeDistPipeline.~~~uY0vxw/entitlements~~~zPWwH9
2019-12-04 21:28:05 +0000  Running /usr/bin/codesign '-vvv' '--force' '--sign' '150411D63007BD1C1FC404A299C56C1DCD306813' '--entitlements' '/var/folders/8x/h8554ypn471fpjrfqg4w54th0000gn/T/XcodeDistPipeline.~~~uY0vxw/entitlements~~~zPWwH9' '--preserve-metadata=identifier,flags,runtime' '/var/folders/8x/h8554ypn471fpjrfqg4w54th0000gn/T/XcodeDistPipeline.~~~uY0vxw/Root/Applications/fantastic-chainsaw.app/Contents/Frameworks/libswiftDispatch.dylib'
2019-12-04 21:28:05 +0000  /var/folders/8x/h8554ypn471fpjrfqg4w54th0000gn/T/XcodeDistPipeline.~~~uY0vxw/Root/Applications/fantastic-chainsaw.app/Contents/Frameworks/libswiftDispatch.dylib: replacing existing signature
2019-12-04 21:28:05 +0000  /var/folders/8x/h8554ypn471fpjrfqg4w54th0000gn/T/XcodeDistPipeline.~~~uY0vxw/Root/Applications/fantastic-chainsaw.app/Contents/Frameworks/libswiftDispatch.dylib: signed Mach-O thin (x86_64) [com.apple.dt.runtime.swiftDispatch]
2019-12-04 21:28:05 +0000  /usr/bin/codesign exited with 0
2019-12-04 21:28:05 +0000  Entitlements for <IDEDistributionItem: 0x7fda1245a9f0; bundleID='com.apple.dt.runtime.swiftFoundation', path='<DVTFilePath:0x7fda103607f0:'/Users/benzobrist/Library/Developer/Xcode/Archives/2019-12-04/fantastic-chainsaw 12-4-19, 2.12 PM.xcarchive/Products/Applications/fantastic-chainsaw.app/Contents/Frameworks/libswiftFoundation.dylib'>', codeSigningInfo='<_DVTCodeSigningInformation_Path: 0x7fda0df23320; isSigned='1', isAdHocSigned='1', signingCertificate='(null)', entitlements='(null)', teamID='(null)', identifier='com.apple.dt.runtime.swiftFoundation', executablePath='<DVTFilePath:0x7fda103607f0:'/Users/benzobrist/Library/Developer/Xcode/Archives/2019-12-04/fantastic-chainsaw 12-4-19, 2.12 PM.xcarchive/Products/Applications/fantastic-chainsaw.app/Contents/Frameworks/libswiftFoundation.dylib'>', hardenedRuntime='0'>'>: {
}
2019-12-04 21:28:05 +0000  Writing entitlements for <IDEDistributionItem: 0x7fda1245a9f0; bundleID='com.apple.dt.runtime.swiftFoundation', path='<DVTFilePath:0x7fda103607f0:'/Users/benzobrist/Library/Developer/Xcode/Archives/2019-12-04/fantastic-chainsaw 12-4-19, 2.12 PM.xcarchive/Products/Applications/fantastic-chainsaw.app/Contents/Frameworks/libswiftFoundation.dylib'>', codeSigningInfo='<_DVTCodeSigningInformation_Path: 0x7fda0df23320; isSigned='1', isAdHocSigned='1', signingCertificate='(null)', entitlements='(null)', teamID='(null)', identifier='com.apple.dt.runtime.swiftFoundation', executablePath='<DVTFilePath:0x7fda103607f0:'/Users/benzobrist/Library/Developer/Xcode/Archives/2019-12-04/fantastic-chainsaw 12-4-19, 2.12 PM.xcarchive/Products/Applications/fantastic-chainsaw.app/Contents/Frameworks/libswiftFoundation.dylib'>', hardenedRuntime='0'>'> to: /var/folders/8x/h8554ypn471fpjrfqg4w54th0000gn/T/XcodeDistPipeline.~~~uY0vxw/entitlements~~~ON1rTM
2019-12-04 21:28:05 +0000  Running /usr/bin/codesign '-vvv' '--force' '--sign' '150411D63007BD1C1FC404A299C56C1DCD306813' '--entitlements' '/var/folders/8x/h8554ypn471fpjrfqg4w54th0000gn/T/XcodeDistPipeline.~~~uY0vxw/entitlements~~~ON1rTM' '--preserve-metadata=identifier,flags,runtime' '/var/folders/8x/h8554ypn471fpjrfqg4w54th0000gn/T/XcodeDistPipeline.~~~uY0vxw/Root/Applications/fantastic-chainsaw.app/Contents/Frameworks/libswiftFoundation.dylib'
2019-12-04 21:28:05 +0000  /var/folders/8x/h8554ypn471fpjrfqg4w54th0000gn/T/XcodeDistPipeline.~~~uY0vxw/Root/Applications/fantastic-chainsaw.app/Contents/Frameworks/libswiftFoundation.dylib: replacing existing signature
2019-12-04 21:28:05 +0000  /var/folders/8x/h8554ypn471fpjrfqg4w54th0000gn/T/XcodeDistPipeline.~~~uY0vxw/Root/Applications/fantastic-chainsaw.app/Contents/Frameworks/libswiftFoundation.dylib: signed Mach-O thin (x86_64) [com.apple.dt.runtime.swiftFoundation]
2019-12-04 21:28:05 +0000  /usr/bin/codesign exited with 0
2019-12-04 21:28:05 +0000  Entitlements for <IDEDistributionItem: 0x7fda15b7db00; bundleID='com.apple.dt.runtime.swiftIOKit', path='<DVTFilePath:0x7fda17d97430:'/Users/benzobrist/Library/Developer/Xcode/Archives/2019-12-04/fantastic-chainsaw 12-4-19, 2.12 PM.xcarchive/Products/Applications/fantastic-chainsaw.app/Contents/Frameworks/libswiftIOKit.dylib'>', codeSigningInfo='<_DVTCodeSigningInformation_Path: 0x7fda11522360; isSigned='1', isAdHocSigned='1', signingCertificate='(null)', entitlements='(null)', teamID='(null)', identifier='com.apple.dt.runtime.swiftIOKit', executablePath='<DVTFilePath:0x7fda17d97430:'/Users/benzobrist/Library/Developer/Xcode/Archives/2019-12-04/fantastic-chainsaw 12-4-19, 2.12 PM.xcarchive/Products/Applications/fantastic-chainsaw.app/Contents/Frameworks/libswiftIOKit.dylib'>', hardenedRuntime='0'>'>: {
}
2019-12-04 21:28:05 +0000  Writing entitlements for <IDEDistributionItem: 0x7fda15b7db00; bundleID='com.apple.dt.runtime.swiftIOKit', path='<DVTFilePath:0x7fda17d97430:'/Users/benzobrist/Library/Developer/Xcode/Archives/2019-12-04/fantastic-chainsaw 12-4-19, 2.12 PM.xcarchive/Products/Applications/fantastic-chainsaw.app/Contents/Frameworks/libswiftIOKit.dylib'>', codeSigningInfo='<_DVTCodeSigningInformation_Path: 0x7fda11522360; isSigned='1', isAdHocSigned='1', signingCertificate='(null)', entitlements='(null)', teamID='(null)', identifier='com.apple.dt.runtime.swiftIOKit', executablePath='<DVTFilePath:0x7fda17d97430:'/Users/benzobrist/Library/Developer/Xcode/Archives/2019-12-04/fantastic-chainsaw 12-4-19, 2.12 PM.xcarchive/Products/Applications/fantastic-chainsaw.app/Contents/Frameworks/libswiftIOKit.dylib'>', hardenedRuntime='0'>'> to: /var/folders/8x/h8554ypn471fpjrfqg4w54th0000gn/T/XcodeDistPipeline.~~~uY0vxw/entitlements~~~AfJLXz
2019-12-04 21:28:05 +0000  Running /usr/bin/codesign '-vvv' '--force' '--sign' '150411D63007BD1C1FC404A299C56C1DCD306813' '--entitlements' '/var/folders/8x/h8554ypn471fpjrfqg4w54th0000gn/T/XcodeDistPipeline.~~~uY0vxw/entitlements~~~AfJLXz' '--preserve-metadata=identifier,flags,runtime' '/var/folders/8x/h8554ypn471fpjrfqg4w54th0000gn/T/XcodeDistPipeline.~~~uY0vxw/Root/Applications/fantastic-chainsaw.app/Contents/Frameworks/libswiftIOKit.dylib'
2019-12-04 21:28:05 +0000  /var/folders/8x/h8554ypn471fpjrfqg4w54th0000gn/T/XcodeDistPipeline.~~~uY0vxw/Root/Applications/fantastic-chainsaw.app/Contents/Frameworks/libswiftIOKit.dylib: replacing existing signature
2019-12-04 21:28:05 +0000  /var/folders/8x/h8554ypn471fpjrfqg4w54th0000gn/T/XcodeDistPipeline.~~~uY0vxw/Root/Applications/fantastic-chainsaw.app/Contents/Frameworks/libswiftIOKit.dylib: signed Mach-O thin (x86_64) [com.apple.dt.runtime.swiftIOKit]
2019-12-04 21:28:05 +0000  /usr/bin/codesign exited with 0
2019-12-04 21:28:05 +0000  Entitlements for <IDEDistributionItem: 0x7fda15b4da90; bundleID='com.apple.dt.runtime.swiftObjectiveC', path='<DVTFilePath:0x7fda11675da0:'/Users/benzobrist/Library/Developer/Xcode/Archives/2019-12-04/fantastic-chainsaw 12-4-19, 2.12 PM.xcarchive/Products/Applications/fantastic-chainsaw.app/Contents/Frameworks/libswiftObjectiveC.dylib'>', codeSigningInfo='<_DVTCodeSigningInformation_Path: 0x7fda19bd1cc0; isSigned='1', isAdHocSigned='1', signingCertificate='(null)', entitlements='(null)', teamID='(null)', identifier='com.apple.dt.runtime.swiftObjectiveC', executablePath='<DVTFilePath:0x7fda11675da0:'/Users/benzobrist/Library/Developer/Xcode/Archives/2019-12-04/fantastic-chainsaw 12-4-19, 2.12 PM.xcarchive/Products/Applications/fantastic-chainsaw.app/Contents/Frameworks/libswiftObjectiveC.dylib'>', hardenedRuntime='0'>'>: {
}
2019-12-04 21:28:05 +0000  Writing entitlements for <IDEDistributionItem: 0x7fda15b4da90; bundleID='com.apple.dt.runtime.swiftObjectiveC', path='<DVTFilePath:0x7fda11675da0:'/Users/benzobrist/Library/Developer/Xcode/Archives/2019-12-04/fantastic-chainsaw 12-4-19, 2.12 PM.xcarchive/Products/Applications/fantastic-chainsaw.app/Contents/Frameworks/libswiftObjectiveC.dylib'>', codeSigningInfo='<_DVTCodeSigningInformation_Path: 0x7fda19bd1cc0; isSigned='1', isAdHocSigned='1', signingCertificate='(null)', entitlements='(null)', teamID='(null)', identifier='com.apple.dt.runtime.swiftObjectiveC', executablePath='<DVTFilePath:0x7fda11675da0:'/Users/benzobrist/Library/Developer/Xcode/Archives/2019-12-04/fantastic-chainsaw 12-4-19, 2.12 PM.xcarchive/Products/Applications/fantastic-chainsaw.app/Contents/Frameworks/libswiftObjectiveC.dylib'>', hardenedRuntime='0'>'> to: /var/folders/8x/h8554ypn471fpjrfqg4w54th0000gn/T/XcodeDistPipeline.~~~uY0vxw/entitlements~~~NuW4gW
2019-12-04 21:28:05 +0000  Running /usr/bin/codesign '-vvv' '--force' '--sign' '150411D63007BD1C1FC404A299C56C1DCD306813' '--entitlements' '/var/folders/8x/h8554ypn471fpjrfqg4w54th0000gn/T/XcodeDistPipeline.~~~uY0vxw/entitlements~~~NuW4gW' '--preserve-metadata=identifier,flags,runtime' '/var/folders/8x/h8554ypn471fpjrfqg4w54th0000gn/T/XcodeDistPipeline.~~~uY0vxw/Root/Applications/fantastic-chainsaw.app/Contents/Frameworks/libswiftObjectiveC.dylib'
2019-12-04 21:28:05 +0000  /var/folders/8x/h8554ypn471fpjrfqg4w54th0000gn/T/XcodeDistPipeline.~~~uY0vxw/Root/Applications/fantastic-chainsaw.app/Contents/Frameworks/libswiftObjectiveC.dylib: replacing existing signature
2019-12-04 21:28:06 +0000  /var/folders/8x/h8554ypn471fpjrfqg4w54th0000gn/T/XcodeDistPipeline.~~~uY0vxw/Root/Applications/fantastic-chainsaw.app/Contents/Frameworks/libswiftObjectiveC.dylib: signed Mach-O thin (x86_64) [com.apple.dt.runtime.swiftObjectiveC]
2019-12-04 21:28:06 +0000  /usr/bin/codesign exited with 0
2019-12-04 21:28:06 +0000  Entitlements for <IDEDistributionItem: 0x7fda124db950; bundleID='com.zobiejrz.fantastic-chainsaw', path='<DVTFilePath:0x7fda139de4d0:'/Users/benzobrist/Library/Developer/Xcode/Archives/2019-12-04/fantastic-chainsaw 12-4-19, 2.12 PM.xcarchive/Products/Applications/fantastic-chainsaw.app'>', codeSigningInfo='<_DVTCodeSigningInformation_Path: 0x7fda13b29290; isSigned='1', isAdHocSigned='1', signingCertificate='(null)', entitlements='{
    "com.apple.security.app-sandbox" = 1;
    "com.apple.security.files.user-selected.read-only" = 1;
}', teamID='(null)', identifier='com.zobiejrz.fantastic-chainsaw', executablePath='<DVTFilePath:0x7fda1382f6a0:'/Users/benzobrist/Library/Developer/Xcode/Archives/2019-12-04/fantastic-chainsaw 12-4-19, 2.12 PM.xcarchive/Products/Applications/fantastic-chainsaw.app/Contents/MacOS/fantastic-chainsaw'>', hardenedRuntime='0'>'>: {
    "com.apple.security.app-sandbox" = 1;
    "com.apple.security.files.user-selected.read-only" = 1;
}
2019-12-04 21:28:06 +0000  Writing entitlements for <IDEDistributionItem: 0x7fda124db950; bundleID='com.zobiejrz.fantastic-chainsaw', path='<DVTFilePath:0x7fda139de4d0:'/Users/benzobrist/Library/Developer/Xcode/Archives/2019-12-04/fantastic-chainsaw 12-4-19, 2.12 PM.xcarchive/Products/Applications/fantastic-chainsaw.app'>', codeSigningInfo='<_DVTCodeSigningInformation_Path: 0x7fda13b29290; isSigned='1', isAdHocSigned='1', signingCertificate='(null)', entitlements='{
    "com.apple.security.app-sandbox" = 1;
    "com.apple.security.files.user-selected.read-only" = 1;
}', teamID='(null)', identifier='com.zobiejrz.fantastic-chainsaw', executablePath='<DVTFilePath:0x7fda1382f6a0:'/Users/benzobrist/Library/Developer/Xcode/Archives/2019-12-04/fantastic-chainsaw 12-4-19, 2.12 PM.xcarchive/Products/Applications/fantastic-chainsaw.app/Contents/MacOS/fantastic-chainsaw'>', hardenedRuntime='0'>'> to: /var/folders/8x/h8554ypn471fpjrfqg4w54th0000gn/T/XcodeDistPipeline.~~~uY0vxw/entitlements~~~nTMDKs
2019-12-04 21:28:06 +0000  Running /usr/bin/codesign '-vvv' '--force' '--sign' '150411D63007BD1C1FC404A299C56C1DCD306813' '--entitlements' '/var/folders/8x/h8554ypn471fpjrfqg4w54th0000gn/T/XcodeDistPipeline.~~~uY0vxw/entitlements~~~nTMDKs' '--preserve-metadata=identifier,flags,runtime' '/var/folders/8x/h8554ypn471fpjrfqg4w54th0000gn/T/XcodeDistPipeline.~~~uY0vxw/Root/Applications/fantastic-chainsaw.app'
2019-12-04 21:28:06 +0000  /var/folders/8x/h8554ypn471fpjrfqg4w54th0000gn/T/XcodeDistPipeline.~~~uY0vxw/Root/Applications/fantastic-chainsaw.app: replacing existing signature
2019-12-04 21:28:06 +0000  /var/folders/8x/h8554ypn471fpjrfqg4w54th0000gn/T/XcodeDistPipeline.~~~uY0vxw/Root/Applications/fantastic-chainsaw.app: signed app bundle with Mach-O thin (x86_64) [com.zobiejrz.fantastic-chainsaw]
2019-12-04 21:28:06 +0000  /usr/bin/codesign exited with 0
2019-12-04 21:28:06 +0000  Processing step: IDEDistributionZipODRItemStep
2019-12-04 21:28:06 +0000  Skipping step: IDEDistributionZipODRItemStep because it said so
2019-12-04 21:28:06 +0000  Skipping step: IDEDistributionZipODRItemStep because it said so
2019-12-04 21:28:06 +0000  Skipping step: IDEDistributionZipODRItemStep because it said so
2019-12-04 21:28:06 +0000  Skipping step: IDEDistributionZipODRItemStep because it said so
2019-12-04 21:28:06 +0000  Skipping step: IDEDistributionZipODRItemStep because it said so
2019-12-04 21:28:06 +0000  Skipping step: IDEDistributionZipODRItemStep because it said so
2019-12-04 21:28:06 +0000  Skipping step: IDEDistributionZipODRItemStep because it said so
2019-12-04 21:28:06 +0000  Skipping step: IDEDistributionZipODRItemStep because it said so
2019-12-04 21:28:06 +0000  Skipping step: IDEDistributionZipODRItemStep because it said so
2019-12-04 21:28:06 +0000  Processing step: IDEDistributionSkipPackagingStep
2019-12-04 21:28:06 +0000  Processing step: IDEDistributionAppStoreInformationStep
2019-12-04 21:28:06 +0000  Skipping step: IDEDistributionAppStoreInformationStep because it said so
2019-12-04 21:28:06 +0000  Processing step: IDEDistributionGenerateProcessedDistributionItems
2019-12-04 21:28:06 +0000  Processing step: IDEDistributionCreateManifestStep
2019-12-04 21:28:06 +0000  Skipping step: IDEDistributionCreateManifestStep because it said so
